# JRE version: OpenJDK Runtime Environment AdoptOpenJDK (11.0.10+9) (build 11.0.10+9)
# Java VM: OpenJDK 64-Bit Server VM AdoptOpenJDK (11.0.10+9, mixed mode, tiered, compressed oops, g1 gc, bsd-amd64)
Heap:
 garbage-first heap   total 131072K, used 92624K [0x0000000780000000, 0x0000000800000000)
  region size 1024K, 72 young (73728K), 1 survivors (1024K)
 Metaspace       used 25231K, capacity 25993K, committed 26240K, reserved 1073152K
  class space    used 3029K, capacity 3329K, committed 3456K, reserved 1048576K
GC Heap History (20 events):
Event: 27.549 GC heap before
{Heap before GC invocations=164 (full 0):
 garbage-first heap   total 131072K, used 97742K [0x0000000780000000, 0x0000000800000000)
  region size 1024K, 76 young (77824K), 1 survivors (1024K)
 Metaspace       used 24912K, capacity 25681K, committed 25856K, reserved 1071104K
  class space    used 2999K, capacity 3290K, committed 3328K, reserved 1048576K
}
Event: 27.550 GC heap after
{Heap after GC invocations=165 (full 0):
 garbage-first heap   total 131072K, used 20944K [0x0000000780000000, 0x0000000800000000)
  region size 1024K, 1 young (1024K), 1 survivors (1024K)
 Metaspace       used 24912K, capacity 25681K, committed 25856K, reserved 1071104K
  class space    used 2999K, capacity 3290K, committed 3328K, reserved 1048576K
}
Event: 27.571 GC heap before
{Heap before GC invocations=165 (full 0):
 garbage-first heap   total 131072K, used 97744K [0x0000000780000000, 0x0000000800000000)
  region size 1024K, 76 young (77824K), 1 survivors (1024K)
 Metaspace       used 24918K, capacity 25681K, committed 25856K, reserved 1071104K
  class space    used 2999K, capacity 3290K, committed 3328K, reserved 1048576K
}
Event: 27.572 GC heap after
{Heap after GC invocations=166 (full 0):
 garbage-first heap   total 131072K, used 20944K [0x0000000780000000, 0x0000000800000000)
  region size 1024K, 1 young (1024K), 1 survivors (1024K)
 Metaspace       used 24918K, capacity 25681K, committed 25856K, reserved 1071104K
  class space    used 2999K, capacity 3290K, committed 3328K, reserved 1048576K
}
Event: 27.592 GC heap before
{Heap before GC invocations=166 (full 0):
 garbage-first heap   total 131072K, used 97744K [0x0000000780000000, 0x0000000800000000)
  region size 1024K, 76 young (77824K), 1 survivors (1024K)
 Metaspace       used 24918K, capacity 25681K, committed 25856K, reserved 1071104K
  class space    used 2999K, capacity 3290K, committed 3328K, reserved 1048576K
}
Event: 27.592 GC heap after
{Heap after GC invocations=167 (full 0):
 garbage-first heap   total 131072K, used 20944K [0x0000000780000000, 0x0000000800000000)
  region size 1024K, 1 young (1024K), 1 survivors (1024K)
 Metaspace       used 24918K, capacity 25681K, committed 25856K, reserved 1071104K
  class space    used 2999K, capacity 3290K, committed 3328K, reserved 1048576K
}
Event: 27.613 GC heap before
{Heap before GC invocations=167 (full 0):
 garbage-first heap   total 131072K, used 97744K [0x0000000780000000, 0x0000000800000000)
  region size 1024K, 76 young (77824K), 1 survivors (1024K)
 Metaspace       used 24918K, capacity 25681K, committed 25856K, reserved 1071104K
  class space    used 2999K, capacity 3290K, committed 3328K, reserved 1048576K
}
Event: 27.613 GC heap after
{Heap after GC invocations=168 (full 0):
 garbage-first heap   total 131072K, used 20944K [0x0000000780000000, 0x0000000800000000)
  region size 1024K, 1 young (1024K), 1 survivors (1024K)
 Metaspace       used 24918K, capacity 25681K, committed 25856K, reserved 1071104K
  class space    used 2999K, capacity 3290K, committed 3328K, reserved 1048576K
}
Event: 27.635 GC heap before
{Heap before GC invocations=168 (full 0):
 garbage-first heap   total 131072K, used 97744K [0x0000000780000000, 0x0000000800000000)
  region size 1024K, 76 young (77824K), 1 survivors (1024K)
 Metaspace       used 24918K, capacity 25681K, committed 25856K, reserved 1071104K
  class space    used 2999K, capacity 3290K, committed 3328K, reserved 1048576K
}
Event: 27.635 GC heap after
{Heap after GC invocations=169 (full 0):
 garbage-first heap   total 131072K, used 20944K [0x0000000780000000, 0x0000000800000000)
  region size 1024K, 1 young (1024K), 1 survivors (1024K)
 Metaspace       used 24918K, capacity 25681K, committed 25856K, reserved 1071104K
  class space    used 2999K, capacity 3290K, committed 3328K, reserved 1048576K
}
Event: 27.656 GC heap before
{Heap before GC invocations=169 (full 0):
 garbage-first heap   total 131072K, used 97744K [0x0000000780000000, 0x0000000800000000)
  region size 1024K, 76 young (77824K), 1 survivors (1024K)
 Metaspace       used 24918K, capacity 25681K, committed 25856K, reserved 1071104K
  class space    used 2999K, capacity 3290K, committed 3328K, reserved 1048576K
}
Event: 27.656 GC heap after
{Heap after GC invocations=170 (full 0):
 garbage-first heap   total 131072K, used 20942K [0x0000000780000000, 0x0000000800000000)
  region size 1024K, 1 young (1024K), 1 survivors (1024K)
 Metaspace       used 24918K, capacity 25681K, committed 25856K, reserved 1071104K
  class space    used 2999K, capacity 3290K, committed 3328K, reserved 1048576K
}
Event: 27.677 GC heap before
{Heap before GC invocations=170 (full 0):
 garbage-first heap   total 131072K, used 97742K [0x0000000780000000, 0x0000000800000000)
  region size 1024K, 76 young (77824K), 1 survivors (1024K)
 Metaspace       used 24919K, capacity 25681K, committed 25856K, reserved 1071104K
  class space    used 2999K, capacity 3290K, committed 3328K, reserved 1048576K
}
Event: 27.678 GC heap after
{Heap after GC invocations=171 (full 0):
 garbage-first heap   total 131072K, used 20944K [0x0000000780000000, 0x0000000800000000)
  region size 1024K, 1 young (1024K), 1 survivors (1024K)
 Metaspace       used 24919K, capacity 25681K, committed 25856K, reserved 1071104K
  class space    used 2999K, capacity 3290K, committed 3328K, reserved 1048576K
}
Event: 27.698 GC heap before
{Heap before GC invocations=171 (full 0):
 garbage-first heap   total 131072K, used 97744K [0x0000000780000000, 0x0000000800000000)
  region size 1024K, 76 young (77824K), 1 survivors (1024K)
 Metaspace       used 24919K, capacity 25681K, committed 25856K, reserved 1071104K
  class space    used 2999K, capacity 3290K, committed 3328K, reserved 1048576K
}
Event: 27.699 GC heap after
{Heap after GC invocations=172 (full 0):
 garbage-first heap   total 131072K, used 20942K [0x0000000780000000, 0x0000000800000000)
  region size 1024K, 1 young (1024K), 1 survivors (1024K)
 Metaspace       used 24919K, capacity 25681K, committed 25856K, reserved 1071104K
  class space    used 2999K, capacity 3290K, committed 3328K, reserved 1048576K
}
Event: 27.720 GC heap before
{Heap before GC invocations=172 (full 0):
 garbage-first heap   total 131072K, used 97742K [0x0000000780000000, 0x0000000800000000)
  region size 1024K, 76 young (77824K), 1 survivors (1024K)
 Metaspace       used 24919K, capacity 25681K, committed 25856K, reserved 1071104K
  class space    used 2999K, capacity 3290K, committed 3328K, reserved 1048576K
}
Event: 27.720 GC heap after
{Heap after GC invocations=173 (full 0):
 garbage-first heap   total 131072K, used 20944K [0x0000000780000000, 0x0000000800000000)
  region size 1024K, 1 young (1024K), 1 survivors (1024K)
 Metaspace       used 24919K, capacity 25681K, committed 25856K, reserved 1071104K
  class space    used 2999K, capacity 3290K, committed 3328K, reserved 1048576K
}
Event: 27.742 GC heap before
{Heap before GC invocations=173 (full 0):
 garbage-first heap   total 131072K, used 97744K [0x0000000780000000, 0x0000000800000000)
  region size 1024K, 76 young (77824K), 1 survivors (1024K)
 Metaspace       used 24919K, capacity 25681K, committed 25856K, reserved 1071104K
  class space    used 2999K, capacity 3290K, committed 3328K, reserved 1048576K
}
Event: 27.742 GC heap after
{Heap after GC invocations=174 (full 0):
 garbage-first heap   total 131072K, used 20944K [0x0000000780000000, 0x0000000800000000)
  region size 1024K, 1 young (1024K), 1 survivors (1024K)
 Metaspace       used 24919K, capacity 25681K, committed 25856K, reserved 1071104K
  class space    used 2999K, capacity 3290K, committed 3328K, reserved 1048576K
}

